Using pre-set license
Built from '2020.3/staging' branch; Version is '2020.3.11f1 (99c7afb366b3) revision 10078127'; Using compiler version '192528614'; Build Type 'Release'
OS: 'Windows 10 Home Single Language; OS build 19041.1083; Version 2004; 64bit' Language: 'en' Physical Memory: 8095 MB
BatchMode: 1, IsHumanControllingUs: 0, StartBugReporterOnCrash: 0, Is64bit: 1, IsPro: 0

 COMMAND LINE ARGUMENTS:
C:\Program Files\Unity\Hub\Editor\2020.3.11f1\Editor\Unity.exe
-adb2
-batchMode
-noUpm
-name
AssetImportWorker0
-projectPath
D:/UNITY PROJECT/Escape
-logFile
Logs/AssetImportWorker0.log
-srvPort
50599
Successfully changed project path to: D:/UNITY PROJECT/Escape
D:/UNITY PROJECT/Escape
Using Asset Import Pipeline V2.
Refreshing native plugins compatible for Editor in 75.70 ms, found 3 plugins.
Preloading 0 native plugins for Editor in 0.00 ms.
Initialize engine version: 2020.3.11f1 (99c7afb366b3)
[Subsystems] Discovering subsystems at path C:/Program Files/Unity/Hub/Editor/2020.3.11f1/Editor/Data/Resources/UnitySubsystems
[Subsystems] Discovering subsystems at path D:/UNITY PROJECT/Escape/Assets
GfxDevice: creating device client; threaded=0
Direct3D:
    Version:  Direct3D 11.0 [level 11.0]
    Renderer: NVIDIA GeForce 820M (ID=0x1140)
    Vendor:   
    VRAM:     1996 MB
    Driver:   10.18.13.5382
Initialize mono
Mono path[0] = 'C:/Program Files/Unity/Hub/Editor/2020.3.11f1/Editor/Data/Managed'
Mono path[1] = 'C:/Program Files/Unity/Hub/Editor/2020.3.11f1/Editor/Data/MonoBleedingEdge/lib/mono/unityjit'
Mono config path = 'C:/Program Files/Unity/Hub/Editor/2020.3.11f1/Editor/Data/MonoBleedingEdge/etc'
Using monoOptions --debugger-agent=transport=dt_socket,embedding=1,server=y,suspend=n,address=127.0.0.1:56408
Begin MonoManager ReloadAssembly
Registering precompiled unity dll's ...
Register platform support module: C:/Program Files/Unity/Hub/Editor/2020.3.11f1/Editor/Data/PlaybackEngines/WindowsStandaloneSupport/UnityEditor.WindowsStandalone.Extensions.dll
Registered in 0.002731 seconds.
Native extension for WindowsStandalone target not found
Refreshing native plugins compatible for Editor in 102.82 ms, found 3 plugins.
Preloading 0 native plugins for Editor in 0.00 ms.
Mono: successfully reloaded assembly
- Completed reload, in  3.440 seconds
Platform modules already initialized, skipping
Registering precompiled user dll's ...
Registered in 0.005354 seconds.
Begin MonoManager ReloadAssembly
Native extension for WindowsStandalone target not found
Refreshing native plugins compatible for Editor in 102.81 ms, found 3 plugins.
Preloading 0 native plugins for Editor in 0.00 ms.
Mono: successfully reloaded assembly
- Completed reload, in  2.326 seconds
Platform modules already initialized, skipping
========================================================================
Worker process is ready to serve import requests
Launched and connected shader compiler UnityShaderCompiler.exe after 0.08 seconds
Refreshing native plugins compatible for Editor in 1.43 ms, found 3 plugins.
Preloading 0 native plugins for Editor in 0.00 ms.
Unloading 2287 Unused Serialized files (Serialized files now loaded: 0)
System memory in use before: 101.5 MB.
System memory in use after: 101.6 MB.

Unloading 34 unused Assets to reduce memory usage. Loaded Objects now: 2722.
Total: 6.289000 ms (FindLiveObjects: 0.542400 ms CreateObjectMapping: 0.219600 ms MarkObjects: 5.197000 ms  DeleteObjects: 0.327300 ms)

========================================================================
Received Import Request.
  path: Assets/Forest sence/texture
  artifactKey: Guid(007b3eac1944dde4999fd00e47292764) Importer(815301076,1909f56bfc062723c751e8b465ee728b)
Start importing Assets/Forest sence/texture using Guid(007b3eac1944dde4999fd00e47292764) Importer(815301076,1909f56bfc062723c751e8b465ee728b)  -> (artifact id: 'd7fef95b6965053789cef95a972f3a64') in 0.019744 seconds
  Import took 0.028611 seconds .

========================================================================
Received Import Request.
  Time since last request: 0.000416 seconds.
  path: Assets/Forest sence/sprite
  artifactKey: Guid(25e87f8184a7f604eaa998d1c18ec0fb) Importer(815301076,1909f56bfc062723c751e8b465ee728b)
Start importing Assets/Forest sence/sprite using Guid(25e87f8184a7f604eaa998d1c18ec0fb) Importer(815301076,1909f56bfc062723c751e8b465ee728b)  -> (artifact id: 'fa11ee66ba815c69d7129016ed100836') in 0.018412 seconds
  Import took 0.033809 seconds .

========================================================================
Received Import Request.
  Time since last request: 7.026601 seconds.
  path: Assets/Forest sence/texture/Materials
  artifactKey: Guid(1f4e7042f615103469208482b4f55756) Importer(815301076,1909f56bfc062723c751e8b465ee728b)
Start importing Assets/Forest sence/texture/Materials using Guid(1f4e7042f615103469208482b4f55756) Importer(815301076,1909f56bfc062723c751e8b465ee728b)  -> (artifact id: 'a53bfdcec03a34241876797d8520191d') in 0.048475 seconds
  Import took 0.056424 seconds .

========================================================================
Received Import Request.
  Time since last request: 71.945706 seconds.
  path: Assets/Prefabs/Particle.prefab
  artifactKey: Guid(e545b112bfea1b743a5b39eeacb3f668) Importer(815301076,1909f56bfc062723c751e8b465ee728b)
Start importing Assets/Prefabs/Particle.prefab using Guid(e545b112bfea1b743a5b39eeacb3f668) Importer(815301076,1909f56bfc062723c751e8b465ee728b)  -> (artifact id: 'ff71608374acf9f9e869f4d65515ebe2') in 0.094298 seconds
  Import took 0.101634 seconds .

========================================================================
Received Import Request.
  Time since last request: 0.006968 seconds.
  path: Assets/Prefabs/Particle.prefab
  artifactKey: Guid(e545b112bfea1b743a5b39eeacb3f668) Importer(815301076,1909f56bfc062723c751e8b465ee728b)
Start importing Assets/Prefabs/Particle.prefab using Guid(e545b112bfea1b743a5b39eeacb3f668) Importer(815301076,1909f56bfc062723c751e8b465ee728b)  -> (artifact id: 'ff71608374acf9f9e869f4d65515ebe2') in 0.008914 seconds
  Import took 0.016857 seconds .

========================================================================
Received Import Request.
  Time since last request: 0.011318 seconds.
  path: Assets/Forest sence/texture/Materials/cloudsharpMed.mat
  artifactKey: Guid(a9876cdf71791264397d5e253b51382d) Importer(815301076,1909f56bfc062723c751e8b465ee728b)
Start importing Assets/Forest sence/texture/Materials/cloudsharpMed.mat using Guid(a9876cdf71791264397d5e253b51382d) Importer(815301076,1909f56bfc062723c751e8b465ee728b)  -> (artifact id: 'd25be531c68b4863b7a2738bc4e29773') in 0.177521 seconds
  Import took 0.184802 seconds .

========================================================================
Received Prepare
Registering precompiled user dll's ...
Registered in 0.004541 seconds.
Begin MonoManager ReloadAssembly
Native extension for WindowsStandalone target not found
Refreshing native plugins compatible for Editor in 0.75 ms, found 3 plugins.
Preloading 0 native plugins for Editor in 0.00 ms.
Mono: successfully reloaded assembly
- Completed reload, in  1.908 seconds
Platform modules already initialized, skipping
Refreshing native plugins compatible for Editor in 1.19 ms, found 3 plugins.
Preloading 0 native plugins for Editor in 0.00 ms.
Unloading 2266 Unused Serialized files (Serialized files now loaded: 0)
System memory in use before: 103.3 MB.
System memory in use after: 103.4 MB.

Unloading 22 unused Assets to reduce memory usage. Loaded Objects now: 2768.
Total: 3.860800 ms (FindLiveObjects: 0.409300 ms CreateObjectMapping: 0.289200 ms MarkObjects: 3.005000 ms  DeleteObjects: 0.155100 ms)

========================================================================
Received Prepare
Registering precompiled user dll's ...
Registered in 0.004313 seconds.
Begin MonoManager ReloadAssembly
Native extension for WindowsStandalone target not found
Refreshing native plugins compatible for Editor in 0.85 ms, found 3 plugins.
Preloading 0 native plugins for Editor in 0.00 ms.
Mono: successfully reloaded assembly
- Completed reload, in  2.980 seconds
Platform modules already initialized, skipping
Refreshing native plugins compatible for Editor in 0.82 ms, found 3 plugins.
Preloading 0 native plugins for Editor in 0.00 ms.
Unloading 2266 Unused Serialized files (Serialized files now loaded: 0)
System memory in use before: 103.3 MB.
System memory in use after: 103.4 MB.

Unloading 22 unused Assets to reduce memory usage. Loaded Objects now: 2772.
Total: 3.351200 ms (FindLiveObjects: 0.279100 ms CreateObjectMapping: 0.146900 ms MarkObjects: 2.678800 ms  DeleteObjects: 0.243900 ms)

AssetImportWorkerClient::OnTransportError - code=2 error=End of file
